[INFO] Scanning for projects...
[INFO] 
[INFO] -------------------< com.example:trabalho_ru4620654 >-------------------
[INFO] Building trabalho_ru4620654 0.0.1-SNAPSHOT
[INFO]   from pom.xml
[INFO] --------------------------------[ jar ]---------------------------------
[INFO] 
[INFO] >>> spring-boot:3.5.5:run (default-cli) > test-compile @ trabalho_ru4620654 >>>
[INFO] 
[INFO] --- resources:3.3.1:resources (default-resources) @ trabalho_ru4620654 ---
[INFO] Copying 1 resource from src/main/resources to target/classes
[INFO] Copying 0 resource from src/main/resources to target/classes
[INFO] 
[INFO] --- compiler:3.14.0:compile (default-compile) @ trabalho_ru4620654 ---
[INFO] Nothing to compile - all classes are up to date.
[INFO] 
[INFO] --- resources:3.3.1:testResources (default-testResources) @ trabalho_ru4620654 ---
[INFO] skip non existing resourceDirectory /home/miguel/Documents/trabalho_ru4620654/src/test/resources
[INFO] 
[INFO] --- compiler:3.14.0:testCompile (default-testCompile) @ trabalho_ru4620654 ---
[INFO] Nothing to compile - all classes are up to date.
[INFO] 
[INFO] <<< spring-boot:3.5.5:run (default-cli) < test-compile @ trabalho_ru4620654 <<<
[INFO] 
[INFO] 
[INFO] --- spring-boot:3.5.5:run (default-cli) @ trabalho_ru4620654 ---
[INFO] Attaching agents: []

  .   ____          _            __ _ _
 /\\ / ___'_ __ _ _(_)_ __  __ _ \ \ \ \
( ( )\___ | '_ | '_| | '_ \/ _` | \ \ \ \
 \\/  ___)| |_)| | | | | || (_| |  ) ) ) )
  '  |____| .__|_| |_|_| |_\__, | / / / /
 =========|_|==============|___/=/_/_/_/

 :: Spring Boot ::                (v3.5.5)

2025-08-31T01:23:54.217-03:00  INFO 273172 --- [trabalho_ru4620654] [  restartedMain] c.e.t.TrabalhoRu4620654Application       : Starting TrabalhoRu4620654Application using Java 21.0.8 with PID 273172 (/home/miguel/Documents/trabalho_ru4620654/target/classes started by miguel in /home/miguel/Documents/trabalho_ru4620654)
2025-08-31T01:23:54.219-03:00  INFO 273172 --- [trabalho_ru4620654] [  restartedMain] c.e.t.TrabalhoRu4620654Application       : No active profile set, falling back to 1 default profile: "default"
2025-08-31T01:23:54.245-03:00  INFO 273172 --- [trabalho_ru4620654] [  restartedMain] .e.DevToolsPropertyDefaultsPostProcessor : Devtools property defaults active! Set 'spring.devtools.add-properties' to 'false' to disable
2025-08-31T01:23:54.246-03:00  INFO 273172 --- [trabalho_ru4620654] [  restartedMain] .e.DevToolsPropertyDefaultsPostProcessor : For additional web related logging consider setting the 'logging.level.web' property to 'DEBUG'
2025-08-31T01:23:54.613-03:00  INFO 273172 --- [trabalho_ru4620654] [  restartedMain] .s.d.r.c.RepositoryConfigurationDelegate : Bootstrapping Spring Data JPA repositories in DEFAULT mode.
2025-08-31T01:23:54.645-03:00  INFO 273172 --- [trabalho_ru4620654] [  restartedMain] .s.d.r.c.RepositoryConfigurationDelegate : Finished Spring Data repository scanning in 26 ms. Found 1 JPA repository interface.
2025-08-31T01:23:54.949-03:00  INFO 273172 --- [trabalho_ru4620654] [  restartedMain] o.s.b.w.embedded.tomcat.TomcatWebServer  : Tomcat initialized with port 8080 (http)
2025-08-31T01:23:54.958-03:00  INFO 273172 --- [trabalho_ru4620654] [  restartedMain] o.apache.catalina.core.StandardService   : Starting service [Tomcat]
2025-08-31T01:23:54.959-03:00  INFO 273172 --- [trabalho_ru4620654] [  restartedMain] o.apache.catalina.core.StandardEngine    : Starting Servlet engine: [Apache Tomcat/10.1.44]
2025-08-31T01:23:54.981-03:00  INFO 273172 --- [trabalho_ru4620654] [  restartedMain] o.a.c.c.C.[Tomcat].[localhost].[/]       : Initializing Spring embedded WebApplicationContext
2025-08-31T01:23:54.981-03:00  INFO 273172 --- [trabalho_ru4620654] [  restartedMain] w.s.c.ServletWebServerApplicationContext : Root WebApplicationContext: initialization completed in 735 ms
2025-08-31T01:23:55.087-03:00  INFO 273172 --- [trabalho_ru4620654] [  restartedMain] o.hibernate.jpa.internal.util.LogHelper  : HHH000204: Processing PersistenceUnitInfo [name: default]
2025-08-31T01:23:55.116-03:00  INFO 273172 --- [trabalho_ru4620654] [  restartedMain] org.hibernate.Version                    : HHH000412: Hibernate ORM core version 6.6.26.Final
2025-08-31T01:23:55.141-03:00  INFO 273172 --- [trabalho_ru4620654] [  restartedMain] o.h.c.internal.RegionFactoryInitiator    : HHH000026: Second-level cache disabled
2025-08-31T01:23:55.293-03:00  INFO 273172 --- [trabalho_ru4620654] [  restartedMain] o.s.o.j.p.SpringPersistenceUnitInfo      : No LoadTimeWeaver setup: ignoring JPA class transformer
2025-08-31T01:23:55.310-03:00  INFO 273172 --- [trabalho_ru4620654] [  restartedMain] com.zaxxer.hikari.HikariDataSource       : HikariPool-1 - Starting...
2025-08-31T01:23:55.550-03:00  INFO 273172 --- [trabalho_ru4620654] [  restartedMain] com.zaxxer.hikari.pool.HikariPool        : HikariPool-1 - Added connection com.mysql.cj.jdbc.ConnectionImpl@18f5b06
2025-08-31T01:23:55.551-03:00  INFO 273172 --- [trabalho_ru4620654] [  restartedMain] com.zaxxer.hikari.HikariDataSource       : HikariPool-1 - Start completed.
2025-08-31T01:23:55.583-03:00  WARN 273172 --- [trabalho_ru4620654] [  restartedMain] org.hibernate.orm.deprecation            : HHH90000025: MySQLDialect does not need to be specified explicitly using 'hibernate.dialect' (remove the property setting and it will be selected by default)
2025-08-31T01:23:55.595-03:00  INFO 273172 --- [trabalho_ru4620654] [  restartedMain] org.hibernate.orm.connections.pooling    : HHH10001005: Database info:
	Database JDBC URL [Connecting through datasource 'HikariDataSource (HikariPool-1)']
	Database driver: undefined/unknown
	Database version: 8.0.43
	Autocommit mode: undefined/unknown
	Isolation level: undefined/unknown
	Minimum pool size: undefined/unknown
	Maximum pool size: undefined/unknown
2025-08-31T01:23:56.053-03:00  INFO 273172 --- [trabalho_ru4620654] [  restartedMain] o.h.e.t.j.p.i.JtaPlatformInitiator       : HHH000489: No JTA platform available (set 'hibernate.transaction.jta.platform' to enable JTA platform integration)
2025-08-31T01:23:56.084-03:00  INFO 273172 --- [trabalho_ru4620654] [  restartedMain] j.LocalContainerEntityManagerFactoryBean : Initialized JPA EntityManagerFactory for persistence unit 'default'
2025-08-31T01:23:56.460-03:00  INFO 273172 --- [trabalho_ru4620654] [  restartedMain] o.s.b.d.a.OptionalLiveReloadServer       : LiveReload server is running on port 35729
2025-08-31T01:23:56.477-03:00  INFO 273172 --- [trabalho_ru4620654] [  restartedMain] o.s.b.w.embedded.tomcat.TomcatWebServer  : Tomcat started on port 8080 (http) with context path '/'
2025-08-31T01:23:56.482-03:00  INFO 273172 --- [trabalho_ru4620654] [  restartedMain] c.e.t.TrabalhoRu4620654Application       : Started TrabalhoRu4620654Application in 2.523 seconds (process running for 2.748)
2025-08-31T01:24:21.623-03:00  INFO 273172 --- [trabalho_ru4620654] [nio-8080-exec-1] o.a.c.c.C.[Tomcat].[localhost].[/]       : Initializing Spring DispatcherServlet 'dispatcherServlet'
2025-08-31T01:24:21.623-03:00  INFO 273172 --- [trabalho_ru4620654] [nio-8080-exec-1] o.s.web.servlet.DispatcherServlet        : Initializing Servlet 'dispatcherServlet'
2025-08-31T01:24:21.624-03:00  INFO 273172 --- [trabalho_ru4620654] [nio-8080-exec-1] o.s.web.servlet.DispatcherServlet        : Completed initialization in 1 ms
Hibernate: select t1_0.id,t1_0.dataEntrega,t1_0.nome,t1_0.responsavel from TAREFA t1_0
Hibernate: select t1_0.id,t1_0.dataEntrega,t1_0.nome,t1_0.responsavel from TAREFA t1_0
2025-08-31T01:31:22.230-03:00  WARN 273172 --- [trabalho_ru4620654] [nio-8080-exec-9] .w.s.m.s.DefaultHandlerExceptionResolver : Resolved [org.springframework.http.converter.HttpMessageNotReadableException: JSON parse error: Cannot deserialize value of type `java.time.LocalDate` from String "05/02/2026": Failed to deserialize java.time.LocalDate: (java.time.format.DateTimeParseException) Text '05/02/2026' could not be parsed at index 0]
2025-08-31T01:32:03.459-03:00  WARN 273172 --- [trabalho_ru4620654] [nio-8080-exec-1] .w.s.m.s.DefaultHandlerExceptionResolver : Resolved [org.springframework.http.converter.HttpMessageNotReadableException: JSON parse error: Cannot deserialize value of type `java.time.LocalDate` from String "05/02/2026": Failed to deserialize java.time.LocalDate: (java.time.format.DateTimeParseException) Text '05/02/2026' could not be parsed at index 0]
2025-08-31T01:36:56.151-03:00  INFO 273172 --- [trabalho_ru4620654] [ionShutdownHook] o.s.b.w.e.tomcat.GracefulShutdown        : Commencing graceful shutdown. Waiting for active requests to complete
2025-08-31T01:36:56.152-03:00  INFO 273172 --- [trabalho_ru4620654] [tomcat-shutdown] o.s.b.w.e.tomcat.GracefulShutdown        : Graceful shutdown complete
2025-08-31T01:36:56.155-03:00  INFO 273172 --- [trabalho_ru4620654] [ionShutdownHook] j.LocalContainerEntityManagerFactoryBean : Closing JPA EntityManagerFactory for persistence unit 'default'
2025-08-31T01:36:56.157-03:00  INFO 273172 --- [trabalho_ru4620654] [ionShutdownHook] com.zaxxer.hikari.HikariDataSource       : HikariPool-1 - Shutdown initiated...
2025-08-31T01:36:56.163-03:00  INFO 273172 --- [trabalho_ru4620654] [ionShutdownHook] com.zaxxer.hikari.HikariDataSource       : HikariPool-1 - Shutdown completed.
